<?xml version="1.0" encoding="UTF-8"?>
<!-- Generated by org.testng.reporters.JUnitReportReporter -->
<testsuite hostname="Rituchahar" failures="0" tests="1" name="qaTeam.seleniumTestFrameWork.standAloneTest" time="51.497" errors="0" timestamp="2025-06-23T15:56:31 IST" skipped="0">
  <testcase classname="qaTeam.seleniumTestFrameWork.standAloneTest" name="submitOrder" time="51.497"/>
</testsuite> <!-- qaTeam.seleniumTestFrameWork.standAloneTest -->
