<?xml version="1.0" encoding="UTF-8"?>
<!-- Generated by org.testng.reporters.JUnitReportReporter -->
<testsuite hostname="Rituchahar" failures="0" tests="2" name="qaTeam.seleniumTestFrameWork.ErrorValidations" time="56.612" errors="0" timestamp="2025-06-30T19:17:51 IST" skipped="0">
  <testcase classname="qaTeam.seleniumTestFrameWork.ErrorValidations" name="productErrorValidation" time="41.942"/>
  <testcase classname="qaTeam.seleniumTestFrameWork.ErrorValidations" name="LoginErrorValidation" time="14.670"/>
</testsuite> <!-- qaTeam.seleniumTestFrameWork.ErrorValidations -->
