<?xml version="1.0" encoding="UTF-8"?>
<!-- Generated by org.testng.reporters.JUnitReportReporter -->
<testsuite hostname="Rituchahar" failures="0" tests="1" name="cucumber.TestNGTestRunner" time="24.470" errors="0" timestamp="2025-07-11T15:37:04 IST" skipped="0">
  <testcase classname="cucumber.TestNGTestRunner" name="runScenario" time="24.470"/>
</testsuite> <!-- cucumber.TestNGTestRunner -->
